2026-03-15 02:26:26 [error]: Database connection failed:
SequelizeConnectionRefusedError
    at ConnectionManager.connect (D:\UJWAL\Chatapp\backend\node_modules\sequelize\lib\dialects\mysql\connection-manager.js:92:17)
    at process.processTicksAndRejections (node:internal/process/task_queues:104:5)
    at async ConnectionManager._connect (D:\UJWAL\Chatapp\backend\node_modules\sequelize\lib\dialects\abstract\connection-manager.js:222:24)
    at async D:\UJWAL\Chatapp\backend\node_modules\sequelize\lib\dialects\abstract\connection-manager.js:174:32
    at async ConnectionManager.getConnection (D:\UJWAL\Chatapp\backend\node_modules\sequelize\lib\dialects\abstract\connection-manager.js:197:7)
    at async D:\UJWAL\Chatapp\backend\node_modules\sequelize\lib\sequelize.js:305:26
    at async MySQLQueryInterface.tableExists (D:\UJWAL\Chatapp\backend\node_modules\sequelize\lib\dialects\abstract\query-interface.js:102:17)
    at async User.sync (D:\UJWAL\Chatapp\backend\node_modules\sequelize\lib\model.js:939:21)
    at async Sequelize.sync (D:\UJWAL\Chatapp\backend\node_modules\sequelize\lib\sequelize.js:377:9)
2026-03-15 02:45:28 [error]: Database connection failed: SQLITE_ERROR: no such table: AdminSessions_backup
Error
    at Database.<anonymous> (D:\UJWAL\Chatapp\backend\node_modules\sequelize\lib\dialects\sqlite\query.js:185:27)
    at D:\UJWAL\Chatapp\backend\node_modules\sequelize\lib\dialects\sqlite\query.js:183:50
    at new Promise (<anonymous>)
    at Query.run (D:\UJWAL\Chatapp\backend\node_modules\sequelize\lib\dialects\sqlite\query.js:183:12)
    at D:\UJWAL\Chatapp\backend\node_modules\sequelize\lib\sequelize.js:315:28
    at async SQLiteQueryInterface.changeColumn (D:\UJWAL\Chatapp\backend\node_modules\sequelize\lib\dialects\sqlite\query-interface.js:43:7)
    at async AdminSession.sync (D:\UJWAL\Chatapp\backend\node_modules\sequelize\lib\model.js:984:11)
    at async Sequelize.sync (D:\UJWAL\Chatapp\backend\node_modules\sequelize\lib\sequelize.js:377:9)
2026-03-15 02:45:30 [error]: Database connection failed: No description found for "Users" table. Check the table name and schema; remember, they _are_ case sensitive.
Error: No description found for "Users" table. Check the table name and schema; remember, they _are_ case sensitive.
    at SQLiteQueryInterface.describeTable (D:\UJWAL\Chatapp\backend\node_modules\sequelize\lib\dialects\sqlite\query-interface.js:145:15)
    at async SQLiteQueryInterface.changeColumn (D:\UJWAL\Chatapp\backend\node_modules\sequelize\lib\dialects\sqlite\query-interface.js:38:20)
    at async User.sync (D:\UJWAL\Chatapp\backend\node_modules\sequelize\lib\model.js:984:11)
    at async Sequelize.sync (D:\UJWAL\Chatapp\backend\node_modules\sequelize\lib\sequelize.js:377:9)
2026-03-15 02:45:43 [error]: Database connection failed: SQLITE_ERROR: no such table: Users
Error
    at Database.<anonymous> (D:\UJWAL\Chatapp\backend\node_modules\sequelize\lib\dialects\sqlite\query.js:185:27)
    at D:\UJWAL\Chatapp\backend\node_modules\sequelize\lib\dialects\sqlite\query.js:183:50
    at new Promise (<anonymous>)
    at Query.run (D:\UJWAL\Chatapp\backend\node_modules\sequelize\lib\dialects\sqlite\query.js:183:12)
    at D:\UJWAL\Chatapp\backend\node_modules\sequelize\lib\sequelize.js:315:28
    at async SQLiteQueryInterface.changeColumn (D:\UJWAL\Chatapp\backend\node_modules\sequelize\lib\dialects\sqlite\query-interface.js:43:7)
    at async User.sync (D:\UJWAL\Chatapp\backend\node_modules\sequelize\lib\model.js:984:11)
    at async Sequelize.sync (D:\UJWAL\Chatapp\backend\node_modules\sequelize\lib\sequelize.js:377:9)
2026-03-15 02:45:47 [error]: Database connection failed: SQLITE_ERROR: no such table: main.Chats
Error
    at Database.<anonymous> (D:\UJWAL\Chatapp\backend\node_modules\sequelize\lib\dialects\sqlite\query.js:185:27)
    at D:\UJWAL\Chatapp\backend\node_modules\sequelize\lib\dialects\sqlite\query.js:183:50
    at new Promise (<anonymous>)
    at Query.run (D:\UJWAL\Chatapp\backend\node_modules\sequelize\lib\dialects\sqlite\query.js:183:12)
    at D:\UJWAL\Chatapp\backend\node_modules\sequelize\lib\sequelize.js:315:28
    at async SQLiteQueryInterface.changeColumn (D:\UJWAL\Chatapp\backend\node_modules\sequelize\lib\dialects\sqlite\query-interface.js:43:7)
    at async Message.sync (D:\UJWAL\Chatapp\backend\node_modules\sequelize\lib\model.js:984:11)
    at async Sequelize.sync (D:\UJWAL\Chatapp\backend\node_modules\sequelize\lib\sequelize.js:377:9)
2026-03-15 02:46:03 [error]: Database connection failed: SQLITE_ERROR: no such table: Users_backup
Error
    at Database.<anonymous> (D:\UJWAL\Chatapp\backend\node_modules\sequelize\lib\dialects\sqlite\query.js:185:27)
    at D:\UJWAL\Chatapp\backend\node_modules\sequelize\lib\dialects\sqlite\query.js:183:50
    at new Promise (<anonymous>)
    at Query.run (D:\UJWAL\Chatapp\backend\node_modules\sequelize\lib\dialects\sqlite\query.js:183:12)
    at D:\UJWAL\Chatapp\backend\node_modules\sequelize\lib\sequelize.js:315:28
    at async SQLiteQueryInterface.changeColumn (D:\UJWAL\Chatapp\backend\node_modules\sequelize\lib\dialects\sqlite\query-interface.js:43:7)
    at async User.sync (D:\UJWAL\Chatapp\backend\node_modules\sequelize\lib\model.js:984:11)
    at async Sequelize.sync (D:\UJWAL\Chatapp\backend\node_modules\sequelize\lib\sequelize.js:377:9)
2026-03-15 02:46:22 [error]: Database connection failed: SQLITE_ERROR: no such table: Users_backup
Error
    at Database.<anonymous> (D:\UJWAL\Chatapp\backend\node_modules\sequelize\lib\dialects\sqlite\query.js:185:27)
    at D:\UJWAL\Chatapp\backend\node_modules\sequelize\lib\dialects\sqlite\query.js:183:50
    at new Promise (<anonymous>)
    at Query.run (D:\UJWAL\Chatapp\backend\node_modules\sequelize\lib\dialects\sqlite\query.js:183:12)
    at D:\UJWAL\Chatapp\backend\node_modules\sequelize\lib\sequelize.js:315:28
    at async SQLiteQueryInterface.changeColumn (D:\UJWAL\Chatapp\backend\node_modules\sequelize\lib\dialects\sqlite\query-interface.js:43:7)
    at async User.sync (D:\UJWAL\Chatapp\backend\node_modules\sequelize\lib\model.js:984:11)
    at async Sequelize.sync (D:\UJWAL\Chatapp\backend\node_modules\sequelize\lib\sequelize.js:377:9)
2026-03-15 02:46:23 [error]: Database connection failed: No description found for "Users" table. Check the table name and schema; remember, they _are_ case sensitive.
Error: No description found for "Users" table. Check the table name and schema; remember, they _are_ case sensitive.
    at SQLiteQueryInterface.describeTable (D:\UJWAL\Chatapp\backend\node_modules\sequelize\lib\dialects\sqlite\query-interface.js:145:15)
    at async Promise.all (index 0)
    at async User.sync (D:\UJWAL\Chatapp\backend\node_modules\sequelize\lib\model.js:947:26)
    at async Sequelize.sync (D:\UJWAL\Chatapp\backend\node_modules\sequelize\lib\sequelize.js:377:9)
2026-03-15 02:47:16 [error]: Database connection failed: SQLITE_ERROR: no such table: Users_backup
Error
    at Database.<anonymous> (D:\UJWAL\Chatapp\backend\node_modules\sequelize\lib\dialects\sqlite\query.js:185:27)
    at D:\UJWAL\Chatapp\backend\node_modules\sequelize\lib\dialects\sqlite\query.js:183:50
    at new Promise (<anonymous>)
    at Query.run (D:\UJWAL\Chatapp\backend\node_modules\sequelize\lib\dialects\sqlite\query.js:183:12)
    at D:\UJWAL\Chatapp\backend\node_modules\sequelize\lib\sequelize.js:315:28
    at async SQLiteQueryInterface.changeColumn (D:\UJWAL\Chatapp\backend\node_modules\sequelize\lib\dialects\sqlite\query-interface.js:43:7)
    at async User.sync (D:\UJWAL\Chatapp\backend\node_modules\sequelize\lib\model.js:984:11)
    at async Sequelize.sync (D:\UJWAL\Chatapp\backend\node_modules\sequelize\lib\sequelize.js:377:9)
2026-03-15 02:47:18 [error]: Database connection failed: SQLITE_ERROR: no such table: Users
Error
    at Database.<anonymous> (D:\UJWAL\Chatapp\backend\node_modules\sequelize\lib\dialects\sqlite\query.js:185:27)
    at D:\UJWAL\Chatapp\backend\node_modules\sequelize\lib\dialects\sqlite\query.js:183:50
    at new Promise (<anonymous>)
    at Query.run (D:\UJWAL\Chatapp\backend\node_modules\sequelize\lib\dialects\sqlite\query.js:183:12)
    at D:\UJWAL\Chatapp\backend\node_modules\sequelize\lib\sequelize.js:315:28
    at async SQLiteQueryInterface.changeColumn (D:\UJWAL\Chatapp\backend\node_modules\sequelize\lib\dialects\sqlite\query-interface.js:43:7)
    at async User.sync (D:\UJWAL\Chatapp\backend\node_modules\sequelize\lib\model.js:984:11)
    at async Sequelize.sync (D:\UJWAL\Chatapp\backend\node_modules\sequelize\lib\sequelize.js:377:9)
2026-03-15 02:47:29 [error]: Database connection failed: SQLITE_ERROR: no such table: Users
Error
    at Database.<anonymous> (D:\UJWAL\Chatapp\backend\node_modules\sequelize\lib\dialects\sqlite\query.js:185:27)
    at D:\UJWAL\Chatapp\backend\node_modules\sequelize\lib\dialects\sqlite\query.js:183:50
    at new Promise (<anonymous>)
    at Query.run (D:\UJWAL\Chatapp\backend\node_modules\sequelize\lib\dialects\sqlite\query.js:183:12)
    at D:\UJWAL\Chatapp\backend\node_modules\sequelize\lib\sequelize.js:315:28
    at async SQLiteQueryInterface.changeColumn (D:\UJWAL\Chatapp\backend\node_modules\sequelize\lib\dialects\sqlite\query-interface.js:43:7)
    at async User.sync (D:\UJWAL\Chatapp\backend\node_modules\sequelize\lib\model.js:984:11)
    at async Sequelize.sync (D:\UJWAL\Chatapp\backend\node_modules\sequelize\lib\sequelize.js:377:9)
2026-03-15 02:47:49 [error]: Database connection failed: SQLITE_ERROR: no such table: Users_backup
Error
    at Database.<anonymous> (D:\UJWAL\Chatapp\backend\node_modules\sequelize\lib\dialects\sqlite\query.js:185:27)
    at D:\UJWAL\Chatapp\backend\node_modules\sequelize\lib\dialects\sqlite\query.js:183:50
    at new Promise (<anonymous>)
    at Query.run (D:\UJWAL\Chatapp\backend\node_modules\sequelize\lib\dialects\sqlite\query.js:183:12)
    at D:\UJWAL\Chatapp\backend\node_modules\sequelize\lib\sequelize.js:315:28
    at async SQLiteQueryInterface.changeColumn (D:\UJWAL\Chatapp\backend\node_modules\sequelize\lib\dialects\sqlite\query-interface.js:43:7)
    at async User.sync (D:\UJWAL\Chatapp\backend\node_modules\sequelize\lib\model.js:984:11)
    at async Sequelize.sync (D:\UJWAL\Chatapp\backend\node_modules\sequelize\lib\sequelize.js:377:9)
2026-03-15 02:47:50 [error]: Database connection failed: SQLITE_ERROR: no such table: AdminAccounts
Error
    at Database.<anonymous> (D:\UJWAL\Chatapp\backend\node_modules\sequelize\lib\dialects\sqlite\query.js:185:27)
    at D:\UJWAL\Chatapp\backend\node_modules\sequelize\lib\dialects\sqlite\query.js:183:50
    at new Promise (<anonymous>)
    at Query.run (D:\UJWAL\Chatapp\backend\node_modules\sequelize\lib\dialects\sqlite\query.js:183:12)
    at D:\UJWAL\Chatapp\backend\node_modules\sequelize\lib\sequelize.js:315:28
    at async SQLiteQueryInterface.changeColumn (D:\UJWAL\Chatapp\backend\node_modules\sequelize\lib\dialects\sqlite\query-interface.js:43:7)
    at async AdminAccount.sync (D:\UJWAL\Chatapp\backend\node_modules\sequelize\lib\model.js:984:11)
    at async Sequelize.sync (D:\UJWAL\Chatapp\backend\node_modules\sequelize\lib\sequelize.js:377:9)
2026-03-15 02:48:32 [error]: Database connection failed: SQLITE_ERROR: no such table: AdminAccounts_backup
Error
    at Database.<anonymous> (D:\UJWAL\Chatapp\backend\node_modules\sequelize\lib\dialects\sqlite\query.js:185:27)
    at D:\UJWAL\Chatapp\backend\node_modules\sequelize\lib\dialects\sqlite\query.js:183:50
    at new Promise (<anonymous>)
    at Query.run (D:\UJWAL\Chatapp\backend\node_modules\sequelize\lib\dialects\sqlite\query.js:183:12)
    at D:\UJWAL\Chatapp\backend\node_modules\sequelize\lib\sequelize.js:315:28
    at async SQLiteQueryInterface.changeColumn (D:\UJWAL\Chatapp\backend\node_modules\sequelize\lib\dialects\sqlite\query-interface.js:43:7)
    at async AdminAccount.sync (D:\UJWAL\Chatapp\backend\node_modules\sequelize\lib\model.js:984:11)
    at async Sequelize.sync (D:\UJWAL\Chatapp\backend\node_modules\sequelize\lib\sequelize.js:377:9)
2026-03-15 02:50:38 [error]: Database connection failed: SQLITE_ERROR: no such table: Users
Error
    at Database.<anonymous> (D:\UJWAL\Chatapp\backend\node_modules\sequelize\lib\dialects\sqlite\query.js:185:27)
    at D:\UJWAL\Chatapp\backend\node_modules\sequelize\lib\dialects\sqlite\query.js:183:50
    at new Promise (<anonymous>)
    at Query.run (D:\UJWAL\Chatapp\backend\node_modules\sequelize\lib\dialects\sqlite\query.js:183:12)
    at D:\UJWAL\Chatapp\backend\node_modules\sequelize\lib\sequelize.js:315:28
    at async SQLiteQueryInterface.changeColumn (D:\UJWAL\Chatapp\backend\node_modules\sequelize\lib\dialects\sqlite\query-interface.js:43:7)
    at async User.sync (D:\UJWAL\Chatapp\backend\node_modules\sequelize\lib\model.js:984:11)
    at async Sequelize.sync (D:\UJWAL\Chatapp\backend\node_modules\sequelize\lib\sequelize.js:377:9)
2026-03-15 02:50:57 [error]: Database connection failed: SQLITE_ERROR: no such table: Users_backup
Error
    at Database.<anonymous> (D:\UJWAL\Chatapp\backend\node_modules\sequelize\lib\dialects\sqlite\query.js:185:27)
    at D:\UJWAL\Chatapp\backend\node_modules\sequelize\lib\dialects\sqlite\query.js:183:50
    at new Promise (<anonymous>)
    at Query.run (D:\UJWAL\Chatapp\backend\node_modules\sequelize\lib\dialects\sqlite\query.js:183:12)
    at D:\UJWAL\Chatapp\backend\node_modules\sequelize\lib\sequelize.js:315:28
    at async SQLiteQueryInterface.changeColumn (D:\UJWAL\Chatapp\backend\node_modules\sequelize\lib\dialects\sqlite\query-interface.js:43:7)
    at async User.sync (D:\UJWAL\Chatapp\backend\node_modules\sequelize\lib\model.js:984:11)
    at async Sequelize.sync (D:\UJWAL\Chatapp\backend\node_modules\sequelize\lib\sequelize.js:377:9)
2026-03-15 02:51:52 [error]: Database connection failed: No description found for "Users" table. Check the table name and schema; remember, they _are_ case sensitive.
Error: No description found for "Users" table. Check the table name and schema; remember, they _are_ case sensitive.
    at SQLiteQueryInterface.describeTable (D:\UJWAL\Chatapp\backend\node_modules\sequelize\lib\dialects\sqlite\query-interface.js:145:15)
    at async SQLiteQueryInterface.changeColumn (D:\UJWAL\Chatapp\backend\node_modules\sequelize\lib\dialects\sqlite\query-interface.js:38:20)
    at async User.sync (D:\UJWAL\Chatapp\backend\node_modules\sequelize\lib\model.js:984:11)
    at async Sequelize.sync (D:\UJWAL\Chatapp\backend\node_modules\sequelize\lib\sequelize.js:377:9)
2026-03-15 02:56:48 [error]: POST /api/admin-auth/verify-otp — Invalid OTP. 4 attempts remaining.
Error: Invalid OTP. 4 attempts remaining.
    at verifyOTP (D:\UJWAL\Chatapp\backend\src\utils\otp.js:61:25)
    at async verifyAdminOTP (D:\UJWAL\Chatapp\backend\src\controllers\adminAuth.controller.js:112:5)
2026-03-15 03:06:01 [error]: Database connection failed: SQLITE_ERROR: Cannot add a UNIQUE column
Error
    at Database.<anonymous> (D:\UJWAL\Chatapp\backend\node_modules\sequelize\lib\dialects\sqlite\query.js:185:27)
    at D:\UJWAL\Chatapp\backend\node_modules\sequelize\lib\dialects\sqlite\query.js:183:50
    at new Promise (<anonymous>)
    at Query.run (D:\UJWAL\Chatapp\backend\node_modules\sequelize\lib\dialects\sqlite\query.js:183:12)
    at D:\UJWAL\Chatapp\backend\node_modules\sequelize\lib\sequelize.js:315:28
    at async SQLiteQueryInterface.addColumn (D:\UJWAL\Chatapp\backend\node_modules\sequelize\lib\dialects\abstract\query-interface.js:184:12)
    at async User.sync (D:\UJWAL\Chatapp\backend\node_modules\sequelize\lib\model.js:958:11)
    at async Sequelize.sync (D:\UJWAL\Chatapp\backend\node_modules\sequelize\lib\sequelize.js:377:9)
2026-03-15 03:06:01 [error]: Database connection failed: SQLITE_ERROR: Cannot add a UNIQUE column
Error
    at Database.<anonymous> (D:\UJWAL\Chatapp\backend\node_modules\sequelize\lib\dialects\sqlite\query.js:185:27)
    at D:\UJWAL\Chatapp\backend\node_modules\sequelize\lib\dialects\sqlite\query.js:183:50
    at new Promise (<anonymous>)
    at Query.run (D:\UJWAL\Chatapp\backend\node_modules\sequelize\lib\dialects\sqlite\query.js:183:12)
    at D:\UJWAL\Chatapp\backend\node_modules\sequelize\lib\sequelize.js:315:28
    at async SQLiteQueryInterface.addColumn (D:\UJWAL\Chatapp\backend\node_modules\sequelize\lib\dialects\abstract\query-interface.js:184:12)
    at async User.sync (D:\UJWAL\Chatapp\backend\node_modules\sequelize\lib\model.js:958:11)
    at async Sequelize.sync (D:\UJWAL\Chatapp\backend\node_modules\sequelize\lib\sequelize.js:377:9)
2026-03-15 03:06:01 [error]: Database connection failed: SQLITE_ERROR: Cannot add a UNIQUE column
Error
    at Database.<anonymous> (D:\UJWAL\Chatapp\backend\node_modules\sequelize\lib\dialects\sqlite\query.js:185:27)
    at D:\UJWAL\Chatapp\backend\node_modules\sequelize\lib\dialects\sqlite\query.js:183:50
    at new Promise (<anonymous>)
    at Query.run (D:\UJWAL\Chatapp\backend\node_modules\sequelize\lib\dialects\sqlite\query.js:183:12)
    at D:\UJWAL\Chatapp\backend\node_modules\sequelize\lib\sequelize.js:315:28
    at async SQLiteQueryInterface.addColumn (D:\UJWAL\Chatapp\backend\node_modules\sequelize\lib\dialects\abstract\query-interface.js:184:12)
    at async User.sync (D:\UJWAL\Chatapp\backend\node_modules\sequelize\lib\model.js:958:11)
    at async Sequelize.sync (D:\UJWAL\Chatapp\backend\node_modules\sequelize\lib\sequelize.js:377:9)
2026-03-15 03:06:24 [error]: Database connection failed: SQLITE_ERROR: Cannot add a UNIQUE column
Error
    at Database.<anonymous> (D:\UJWAL\Chatapp\backend\node_modules\sequelize\lib\dialects\sqlite\query.js:185:27)
    at D:\UJWAL\Chatapp\backend\node_modules\sequelize\lib\dialects\sqlite\query.js:183:50
    at new Promise (<anonymous>)
    at Query.run (D:\UJWAL\Chatapp\backend\node_modules\sequelize\lib\dialects\sqlite\query.js:183:12)
    at D:\UJWAL\Chatapp\backend\node_modules\sequelize\lib\sequelize.js:315:28
    at async SQLiteQueryInterface.addColumn (D:\UJWAL\Chatapp\backend\node_modules\sequelize\lib\dialects\abstract\query-interface.js:184:12)
    at async User.sync (D:\UJWAL\Chatapp\backend\node_modules\sequelize\lib\model.js:958:11)
    at async Sequelize.sync (D:\UJWAL\Chatapp\backend\node_modules\sequelize\lib\sequelize.js:377:9)
2026-03-15 03:06:24 [error]: Database connection failed: SQLITE_ERROR: Cannot add a UNIQUE column
Error
    at Database.<anonymous> (D:\UJWAL\Chatapp\backend\node_modules\sequelize\lib\dialects\sqlite\query.js:185:27)
    at D:\UJWAL\Chatapp\backend\node_modules\sequelize\lib\dialects\sqlite\query.js:183:50
    at new Promise (<anonymous>)
    at Query.run (D:\UJWAL\Chatapp\backend\node_modules\sequelize\lib\dialects\sqlite\query.js:183:12)
    at D:\UJWAL\Chatapp\backend\node_modules\sequelize\lib\sequelize.js:315:28
    at async SQLiteQueryInterface.addColumn (D:\UJWAL\Chatapp\backend\node_modules\sequelize\lib\dialects\abstract\query-interface.js:184:12)
    at async User.sync (D:\UJWAL\Chatapp\backend\node_modules\sequelize\lib\model.js:958:11)
    at async Sequelize.sync (D:\UJWAL\Chatapp\backend\node_modules\sequelize\lib\sequelize.js:377:9)
2026-03-15 03:06:24 [error]: Database connection failed: SQLITE_ERROR: Cannot add a UNIQUE column
Error
    at Database.<anonymous> (D:\UJWAL\Chatapp\backend\node_modules\sequelize\lib\dialects\sqlite\query.js:185:27)
    at D:\UJWAL\Chatapp\backend\node_modules\sequelize\lib\dialects\sqlite\query.js:183:50
    at new Promise (<anonymous>)
    at Query.run (D:\UJWAL\Chatapp\backend\node_modules\sequelize\lib\dialects\sqlite\query.js:183:12)
    at D:\UJWAL\Chatapp\backend\node_modules\sequelize\lib\sequelize.js:315:28
    at async SQLiteQueryInterface.addColumn (D:\UJWAL\Chatapp\backend\node_modules\sequelize\lib\dialects\abstract\query-interface.js:184:12)
    at async User.sync (D:\UJWAL\Chatapp\backend\node_modules\sequelize\lib\model.js:958:11)
    at async Sequelize.sync (D:\UJWAL\Chatapp\backend\node_modules\sequelize\lib\sequelize.js:377:9)
2026-03-15 03:06:34 [error]: Database connection failed: SQLITE_ERROR: Cannot add a UNIQUE column
Error
    at Database.<anonymous> (D:\UJWAL\Chatapp\backend\node_modules\sequelize\lib\dialects\sqlite\query.js:185:27)
    at D:\UJWAL\Chatapp\backend\node_modules\sequelize\lib\dialects\sqlite\query.js:183:50
    at new Promise (<anonymous>)
    at Query.run (D:\UJWAL\Chatapp\backend\node_modules\sequelize\lib\dialects\sqlite\query.js:183:12)
    at D:\UJWAL\Chatapp\backend\node_modules\sequelize\lib\sequelize.js:315:28
    at async SQLiteQueryInterface.addColumn (D:\UJWAL\Chatapp\backend\node_modules\sequelize\lib\dialects\abstract\query-interface.js:184:12)
    at async User.sync (D:\UJWAL\Chatapp\backend\node_modules\sequelize\lib\model.js:958:11)
    at async Sequelize.sync (D:\UJWAL\Chatapp\backend\node_modules\sequelize\lib\sequelize.js:377:9)
2026-03-15 03:06:34 [error]: Database connection failed: SQLITE_ERROR: Cannot add a UNIQUE column
Error
    at Database.<anonymous> (D:\UJWAL\Chatapp\backend\node_modules\sequelize\lib\dialects\sqlite\query.js:185:27)
    at D:\UJWAL\Chatapp\backend\node_modules\sequelize\lib\dialects\sqlite\query.js:183:50
    at new Promise (<anonymous>)
    at Query.run (D:\UJWAL\Chatapp\backend\node_modules\sequelize\lib\dialects\sqlite\query.js:183:12)
    at D:\UJWAL\Chatapp\backend\node_modules\sequelize\lib\sequelize.js:315:28
    at async SQLiteQueryInterface.addColumn (D:\UJWAL\Chatapp\backend\node_modules\sequelize\lib\dialects\abstract\query-interface.js:184:12)
    at async User.sync (D:\UJWAL\Chatapp\backend\node_modules\sequelize\lib\model.js:958:11)
    at async Sequelize.sync (D:\UJWAL\Chatapp\backend\node_modules\sequelize\lib\sequelize.js:377:9)
2026-03-15 03:06:34 [error]: Database connection failed: SQLITE_ERROR: Cannot add a UNIQUE column
Error
    at Database.<anonymous> (D:\UJWAL\Chatapp\backend\node_modules\sequelize\lib\dialects\sqlite\query.js:185:27)
    at D:\UJWAL\Chatapp\backend\node_modules\sequelize\lib\dialects\sqlite\query.js:183:50
    at new Promise (<anonymous>)
    at Query.run (D:\UJWAL\Chatapp\backend\node_modules\sequelize\lib\dialects\sqlite\query.js:183:12)
    at D:\UJWAL\Chatapp\backend\node_modules\sequelize\lib\sequelize.js:315:28
    at async SQLiteQueryInterface.addColumn (D:\UJWAL\Chatapp\backend\node_modules\sequelize\lib\dialects\abstract\query-interface.js:184:12)
    at async User.sync (D:\UJWAL\Chatapp\backend\node_modules\sequelize\lib\model.js:958:11)
    at async Sequelize.sync (D:\UJWAL\Chatapp\backend\node_modules\sequelize\lib\sequelize.js:377:9)
2026-03-15 03:06:41 [error]: Database connection failed: SQLITE_ERROR: Cannot add a UNIQUE column
Error
    at Database.<anonymous> (D:\UJWAL\Chatapp\backend\node_modules\sequelize\lib\dialects\sqlite\query.js:185:27)
    at D:\UJWAL\Chatapp\backend\node_modules\sequelize\lib\dialects\sqlite\query.js:183:50
    at new Promise (<anonymous>)
    at Query.run (D:\UJWAL\Chatapp\backend\node_modules\sequelize\lib\dialects\sqlite\query.js:183:12)
    at D:\UJWAL\Chatapp\backend\node_modules\sequelize\lib\sequelize.js:315:28
    at async SQLiteQueryInterface.addColumn (D:\UJWAL\Chatapp\backend\node_modules\sequelize\lib\dialects\abstract\query-interface.js:184:12)
    at async User.sync (D:\UJWAL\Chatapp\backend\node_modules\sequelize\lib\model.js:958:11)
    at async Sequelize.sync (D:\UJWAL\Chatapp\backend\node_modules\sequelize\lib\sequelize.js:377:9)
2026-03-15 03:06:41 [error]: Database connection failed: SQLITE_ERROR: Cannot add a UNIQUE column
Error
    at Database.<anonymous> (D:\UJWAL\Chatapp\backend\node_modules\sequelize\lib\dialects\sqlite\query.js:185:27)
    at D:\UJWAL\Chatapp\backend\node_modules\sequelize\lib\dialects\sqlite\query.js:183:50
    at new Promise (<anonymous>)
    at Query.run (D:\UJWAL\Chatapp\backend\node_modules\sequelize\lib\dialects\sqlite\query.js:183:12)
    at D:\UJWAL\Chatapp\backend\node_modules\sequelize\lib\sequelize.js:315:28
    at async SQLiteQueryInterface.addColumn (D:\UJWAL\Chatapp\backend\node_modules\sequelize\lib\dialects\abstract\query-interface.js:184:12)
    at async User.sync (D:\UJWAL\Chatapp\backend\node_modules\sequelize\lib\model.js:958:11)
    at async Sequelize.sync (D:\UJWAL\Chatapp\backend\node_modules\sequelize\lib\sequelize.js:377:9)
2026-03-15 03:06:41 [error]: Database connection failed: SQLITE_ERROR: Cannot add a UNIQUE column
Error
    at Database.<anonymous> (D:\UJWAL\Chatapp\backend\node_modules\sequelize\lib\dialects\sqlite\query.js:185:27)
    at D:\UJWAL\Chatapp\backend\node_modules\sequelize\lib\dialects\sqlite\query.js:183:50
    at new Promise (<anonymous>)
    at Query.run (D:\UJWAL\Chatapp\backend\node_modules\sequelize\lib\dialects\sqlite\query.js:183:12)
    at D:\UJWAL\Chatapp\backend\node_modules\sequelize\lib\sequelize.js:315:28
    at async SQLiteQueryInterface.addColumn (D:\UJWAL\Chatapp\backend\node_modules\sequelize\lib\dialects\abstract\query-interface.js:184:12)
    at async User.sync (D:\UJWAL\Chatapp\backend\node_modules\sequelize\lib\model.js:958:11)
    at async Sequelize.sync (D:\UJWAL\Chatapp\backend\node_modules\sequelize\lib\sequelize.js:377:9)
2026-03-15 03:06:44 [error]: Database connection failed: SQLITE_ERROR: Cannot add a UNIQUE column
Error
    at Database.<anonymous> (D:\UJWAL\Chatapp\backend\node_modules\sequelize\lib\dialects\sqlite\query.js:185:27)
    at D:\UJWAL\Chatapp\backend\node_modules\sequelize\lib\dialects\sqlite\query.js:183:50
    at new Promise (<anonymous>)
    at Query.run (D:\UJWAL\Chatapp\backend\node_modules\sequelize\lib\dialects\sqlite\query.js:183:12)
    at D:\UJWAL\Chatapp\backend\node_modules\sequelize\lib\sequelize.js:315:28
    at async SQLiteQueryInterface.addColumn (D:\UJWAL\Chatapp\backend\node_modules\sequelize\lib\dialects\abstract\query-interface.js:184:12)
    at async User.sync (D:\UJWAL\Chatapp\backend\node_modules\sequelize\lib\model.js:958:11)
    at async Sequelize.sync (D:\UJWAL\Chatapp\backend\node_modules\sequelize\lib\sequelize.js:377:9)
2026-03-15 03:06:44 [error]: Database connection failed: SQLITE_ERROR: Cannot add a UNIQUE column
Error
    at Database.<anonymous> (D:\UJWAL\Chatapp\backend\node_modules\sequelize\lib\dialects\sqlite\query.js:185:27)
    at D:\UJWAL\Chatapp\backend\node_modules\sequelize\lib\dialects\sqlite\query.js:183:50
    at new Promise (<anonymous>)
    at Query.run (D:\UJWAL\Chatapp\backend\node_modules\sequelize\lib\dialects\sqlite\query.js:183:12)
    at D:\UJWAL\Chatapp\backend\node_modules\sequelize\lib\sequelize.js:315:28
    at async SQLiteQueryInterface.addColumn (D:\UJWAL\Chatapp\backend\node_modules\sequelize\lib\dialects\abstract\query-interface.js:184:12)
    at async User.sync (D:\UJWAL\Chatapp\backend\node_modules\sequelize\lib\model.js:958:11)
    at async Sequelize.sync (D:\UJWAL\Chatapp\backend\node_modules\sequelize\lib\sequelize.js:377:9)
2026-03-15 03:06:44 [error]: Database connection failed: SQLITE_ERROR: Cannot add a UNIQUE column
Error
    at Database.<anonymous> (D:\UJWAL\Chatapp\backend\node_modules\sequelize\lib\dialects\sqlite\query.js:185:27)
    at D:\UJWAL\Chatapp\backend\node_modules\sequelize\lib\dialects\sqlite\query.js:183:50
    at new Promise (<anonymous>)
    at Query.run (D:\UJWAL\Chatapp\backend\node_modules\sequelize\lib\dialects\sqlite\query.js:183:12)
    at D:\UJWAL\Chatapp\backend\node_modules\sequelize\lib\sequelize.js:315:28
    at async SQLiteQueryInterface.addColumn (D:\UJWAL\Chatapp\backend\node_modules\sequelize\lib\dialects\abstract\query-interface.js:184:12)
    at async User.sync (D:\UJWAL\Chatapp\backend\node_modules\sequelize\lib\model.js:958:11)
    at async Sequelize.sync (D:\UJWAL\Chatapp\backend\node_modules\sequelize\lib\sequelize.js:377:9)
2026-03-15 03:06:49 [error]: Database connection failed: SQLITE_ERROR: Cannot add a UNIQUE column
Error
    at Database.<anonymous> (D:\UJWAL\Chatapp\backend\node_modules\sequelize\lib\dialects\sqlite\query.js:185:27)
    at D:\UJWAL\Chatapp\backend\node_modules\sequelize\lib\dialects\sqlite\query.js:183:50
    at new Promise (<anonymous>)
    at Query.run (D:\UJWAL\Chatapp\backend\node_modules\sequelize\lib\dialects\sqlite\query.js:183:12)
    at D:\UJWAL\Chatapp\backend\node_modules\sequelize\lib\sequelize.js:315:28
    at async SQLiteQueryInterface.addColumn (D:\UJWAL\Chatapp\backend\node_modules\sequelize\lib\dialects\abstract\query-interface.js:184:12)
    at async User.sync (D:\UJWAL\Chatapp\backend\node_modules\sequelize\lib\model.js:958:11)
    at async Sequelize.sync (D:\UJWAL\Chatapp\backend\node_modules\sequelize\lib\sequelize.js:377:9)
2026-03-15 03:06:49 [error]: Database connection failed: SQLITE_ERROR: Cannot add a UNIQUE column
Error
    at Database.<anonymous> (D:\UJWAL\Chatapp\backend\node_modules\sequelize\lib\dialects\sqlite\query.js:185:27)
    at D:\UJWAL\Chatapp\backend\node_modules\sequelize\lib\dialects\sqlite\query.js:183:50
    at new Promise (<anonymous>)
    at Query.run (D:\UJWAL\Chatapp\backend\node_modules\sequelize\lib\dialects\sqlite\query.js:183:12)
    at D:\UJWAL\Chatapp\backend\node_modules\sequelize\lib\sequelize.js:315:28
    at async SQLiteQueryInterface.addColumn (D:\UJWAL\Chatapp\backend\node_modules\sequelize\lib\dialects\abstract\query-interface.js:184:12)
    at async User.sync (D:\UJWAL\Chatapp\backend\node_modules\sequelize\lib\model.js:958:11)
    at async Sequelize.sync (D:\UJWAL\Chatapp\backend\node_modules\sequelize\lib\sequelize.js:377:9)
2026-03-15 03:06:49 [error]: Database connection failed: SQLITE_ERROR: Cannot add a UNIQUE column
Error
    at Database.<anonymous> (D:\UJWAL\Chatapp\backend\node_modules\sequelize\lib\dialects\sqlite\query.js:185:27)
    at D:\UJWAL\Chatapp\backend\node_modules\sequelize\lib\dialects\sqlite\query.js:183:50
    at new Promise (<anonymous>)
    at Query.run (D:\UJWAL\Chatapp\backend\node_modules\sequelize\lib\dialects\sqlite\query.js:183:12)
    at D:\UJWAL\Chatapp\backend\node_modules\sequelize\lib\sequelize.js:315:28
    at async SQLiteQueryInterface.addColumn (D:\UJWAL\Chatapp\backend\node_modules\sequelize\lib\dialects\abstract\query-interface.js:184:12)
    at async User.sync (D:\UJWAL\Chatapp\backend\node_modules\sequelize\lib\model.js:958:11)
    at async Sequelize.sync (D:\UJWAL\Chatapp\backend\node_modules\sequelize\lib\sequelize.js:377:9)
2026-03-15 03:06:53 [error]: Database connection failed: SQLITE_ERROR: Cannot add a UNIQUE column
Error
    at Database.<anonymous> (D:\UJWAL\Chatapp\backend\node_modules\sequelize\lib\dialects\sqlite\query.js:185:27)
    at D:\UJWAL\Chatapp\backend\node_modules\sequelize\lib\dialects\sqlite\query.js:183:50
    at new Promise (<anonymous>)
    at Query.run (D:\UJWAL\Chatapp\backend\node_modules\sequelize\lib\dialects\sqlite\query.js:183:12)
    at D:\UJWAL\Chatapp\backend\node_modules\sequelize\lib\sequelize.js:315:28
    at async SQLiteQueryInterface.addColumn (D:\UJWAL\Chatapp\backend\node_modules\sequelize\lib\dialects\abstract\query-interface.js:184:12)
    at async User.sync (D:\UJWAL\Chatapp\backend\node_modules\sequelize\lib\model.js:958:11)
    at async Sequelize.sync (D:\UJWAL\Chatapp\backend\node_modules\sequelize\lib\sequelize.js:377:9)
2026-03-15 03:06:53 [error]: Database connection failed: SQLITE_ERROR: Cannot add a UNIQUE column
Error
    at Database.<anonymous> (D:\UJWAL\Chatapp\backend\node_modules\sequelize\lib\dialects\sqlite\query.js:185:27)
    at D:\UJWAL\Chatapp\backend\node_modules\sequelize\lib\dialects\sqlite\query.js:183:50
    at new Promise (<anonymous>)
    at Query.run (D:\UJWAL\Chatapp\backend\node_modules\sequelize\lib\dialects\sqlite\query.js:183:12)
    at D:\UJWAL\Chatapp\backend\node_modules\sequelize\lib\sequelize.js:315:28
    at async SQLiteQueryInterface.addColumn (D:\UJWAL\Chatapp\backend\node_modules\sequelize\lib\dialects\abstract\query-interface.js:184:12)
    at async User.sync (D:\UJWAL\Chatapp\backend\node_modules\sequelize\lib\model.js:958:11)
    at async Sequelize.sync (D:\UJWAL\Chatapp\backend\node_modules\sequelize\lib\sequelize.js:377:9)
2026-03-15 03:06:53 [error]: Database connection failed: SQLITE_ERROR: Cannot add a UNIQUE column
Error
    at Database.<anonymous> (D:\UJWAL\Chatapp\backend\node_modules\sequelize\lib\dialects\sqlite\query.js:185:27)
    at D:\UJWAL\Chatapp\backend\node_modules\sequelize\lib\dialects\sqlite\query.js:183:50
    at new Promise (<anonymous>)
    at Query.run (D:\UJWAL\Chatapp\backend\node_modules\sequelize\lib\dialects\sqlite\query.js:183:12)
    at D:\UJWAL\Chatapp\backend\node_modules\sequelize\lib\sequelize.js:315:28
    at async SQLiteQueryInterface.addColumn (D:\UJWAL\Chatapp\backend\node_modules\sequelize\lib\dialects\abstract\query-interface.js:184:12)
    at async User.sync (D:\UJWAL\Chatapp\backend\node_modules\sequelize\lib\model.js:958:11)
    at async Sequelize.sync (D:\UJWAL\Chatapp\backend\node_modules\sequelize\lib\sequelize.js:377:9)
2026-03-15 03:13:49 [error]: Database connection failed: SQLITE_ERROR: Cannot add a UNIQUE column
Error
    at Database.<anonymous> (D:\UJWAL\Chatapp\backend\node_modules\sequelize\lib\dialects\sqlite\query.js:185:27)
    at D:\UJWAL\Chatapp\backend\node_modules\sequelize\lib\dialects\sqlite\query.js:183:50
    at new Promise (<anonymous>)
    at Query.run (D:\UJWAL\Chatapp\backend\node_modules\sequelize\lib\dialects\sqlite\query.js:183:12)
    at D:\UJWAL\Chatapp\backend\node_modules\sequelize\lib\sequelize.js:315:28
    at async SQLiteQueryInterface.addColumn (D:\UJWAL\Chatapp\backend\node_modules\sequelize\lib\dialects\abstract\query-interface.js:184:12)
    at async User.sync (D:\UJWAL\Chatapp\backend\node_modules\sequelize\lib\model.js:958:11)
    at async Sequelize.sync (D:\UJWAL\Chatapp\backend\node_modules\sequelize\lib\sequelize.js:377:9)
2026-03-15 03:14:39 [error]: Database connection failed: SQLITE_ERROR: duplicate column name: email
Error
    at Database.<anonymous> (D:\UJWAL\Chatapp\backend\node_modules\sequelize\lib\dialects\sqlite\query.js:185:27)
    at D:\UJWAL\Chatapp\backend\node_modules\sequelize\lib\dialects\sqlite\query.js:183:50
    at new Promise (<anonymous>)
    at Query.run (D:\UJWAL\Chatapp\backend\node_modules\sequelize\lib\dialects\sqlite\query.js:183:12)
    at D:\UJWAL\Chatapp\backend\node_modules\sequelize\lib\sequelize.js:315:28
    at async SQLiteQueryInterface.addColumn (D:\UJWAL\Chatapp\backend\node_modules\sequelize\lib\dialects\abstract\query-interface.js:184:12)
    at async ensureColumn (D:\UJWAL\Chatapp\backend\src\app.js:82:7)
    at async ensureLegacySQLiteSchema (D:\UJWAL\Chatapp\backend\src\app.js:86:3)
2026-03-15 03:19:58 [error]: POST /api/admin-auth/verify-otp — Invalid OTP. 4 attempts remaining.
Error: Invalid OTP. 4 attempts remaining.
    at verifyOTP (D:\UJWAL\Chatapp\backend\src\utils\otp.js:61:25)
    at async verifyAdminOTP (D:\UJWAL\Chatapp\backend\src\controllers\adminAuth.controller.js:112:5)
